<?xml version="1.0" encoding="UTF-8"?>
<!-- Generated by org.testng.reporters.JUnitXMLReporter -->
<testsuite ignored="1" hostname="LAPTOP-01S1HV8A" failures="0" tests="3" name="Default test" time="0.063" errors="0" timestamp="2025-02-21T01:41:58 IST">
  <testcase classname="TestNG.HelperAttribute" name="Method12" time="0.01"/>
  <testcase classname="TestNG.HelperAttribute" name="Method14" time="0.006"/>
  <testcase classname="TestNG.HelperAttribute" name="Method13" time="0.001"/>
  <testcase classname="TestNG.HelperAttribute" name="Method11" time="0.0">
    <ignored/>
  </testcase> <!-- Method11 -->
</testsuite> <!-- Default test -->
