<?xml version="1.0" encoding="UTF-8"?>
<!-- Generated by org.testng.reporters.JUnitXMLReporter -->
<testsuite ignored="3" hostname="LAPTOP-01S1HV8A" failures="0" tests="1" name="CarLoan" time="0.05" errors="0" timestamp="2025-02-21T01:05:01 IST">
  <testcase classname="TestNG.TestCase_Regex" name="WebloginCarLoan" time="0.01"/>
  <testcase classname="TestNG.TestCase_Regex" name="MobileLoginCarLoan" time="0.0">
    <ignored/>
  </testcase> <!-- MobileLoginCarLoan -->
  <testcase classname="TestNG.TestCase_Regex" name="MobileLoginCarLoan3" time="0.0">
    <ignored/>
  </testcase> <!-- MobileLoginCarLoan3 -->
  <testcase classname="TestNG.TestCase_Regex" name="MobileloginCarLoan2" time="0.0">
    <ignored/>
  </testcase> <!-- MobileloginCarLoan2 -->
</testsuite> <!-- CarLoan -->
