<?xml version="1.0" encoding="UTF-8"?>
<!-- Generated by org.testng.reporters.JUnitXMLReporter -->
<testsuite ignored="0" hostname="LAPTOP-01S1HV8A" failures="0" tests="3" name="Test11" time="0.094" errors="0" timestamp="2025-02-19T02:37:08 IST">
  <testcase classname="TestNG.Annotations2_" name="method12" time="0.006"/>
  <testcase classname="TestNG.Annotations2_" name="method13" time="0.008"/>
  <testcase classname="TestNG.Annotations2_" name="method14" time="0.004"/>
</testsuite> <!-- Test11 -->
