<?xml version="1.0" encoding="UTF-8"?>
<testng-results ignored="1" total="4" passed="3" failed="0" skipped="0">
  <reporter-output>
  </reporter-output>
  <suite started-at="2025-02-21T01:41:58 IST" name="Default suite" finished-at="2025-02-21T01:41:58 IST" duration-ms="63">
    <groups>
    </groups>
    <test started-at="2025-02-21T01:41:58 IST" name="Default test" finished-at="2025-02-21T01:41:58 IST" duration-ms="63">
      <class name="TestNG.HelperAttribute">
        <test-method signature="Method12()[pri:0, instance:TestNG.HelperAttribute@245b4bdc]" started-at="2025-02-21T01:41:58 IST" name="Method12" finished-at="2025-02-21T01:41:58 IST" duration-ms="10" status="PASS">
          <reporter-output>
          </reporter-output>
        </test-method> <!-- Method12 -->
        <test-method signature="Method14()[pri:0, instance:TestNG.HelperAttribute@245b4bdc]" started-at="2025-02-21T01:41:58 IST" name="Method14" finished-at="2025-02-21T01:41:58 IST" duration-ms="6" status="PASS">
          <reporter-output>
          </reporter-output>
        </test-method> <!-- Method14 -->
        <test-method signature="Method13()[pri:0, instance:TestNG.HelperAttribute@245b4bdc]" started-at="2025-02-21T01:41:58 IST" name="Method13" finished-at="2025-02-21T01:41:58 IST" depends-on-methods="TestNG.HelperAttribute.Method14" duration-ms="1" status="PASS">
          <reporter-output>
          </reporter-output>
        </test-method> <!-- Method13 -->
      </class> <!-- TestNG.HelperAttribute -->
    </test> <!-- Default test -->
  </suite> <!-- Default suite -->
</testng-results>
